#
# There is insufficient memory for the Java Runtime Environment to continue.
# Native memory allocation (mmap) failed to map 1073741824 bytes for G1 virtual space
# Possible reasons:
#   The system is out of physical RAM or swap space
#   The process is running with CompressedOops enabled, and the Java Heap may be blocking the growth of the native heap
# Possible solutions:
#   Reduce memory load on the system
#   Increase physical memory or swap space
#   Check if swap backing store is full
#   Decrease Java heap size (-Xmx/-Xms)
#   Decrease number of Java threads
#   Decrease Java thread stack sizes (-Xss)
#   Set larger code cache with -XX:ReservedCodeCacheSize=
#   JVM is running with Zero Based Compressed Oops mode in which the Java heap is
#     placed in the first 32GB address space. The Java Heap base address is the
#     maximum limit for the native heap growth. Please use -XX:HeapBaseMinAddress
#     to set the Java Heap base and to place the Java Heap above 32GB virtual address.
# This output file may be truncated or incomplete.
#
#  Out of Memory Error (os_windows.cpp:3771), pid=7952, tid=7404
#
# JRE version:  (17.0.7+10) (build )
# Java VM: OpenJDK 64-Bit Server VM (17.0.7+10-b829.16, mixed mode, sharing, tiered, compressed oops, compressed class ptrs, g1 gc, windows-amd64)
# No core dump will be written. Minidumps are not enabled by default on client versions of Windows
#

---------------  S U M M A R Y ------------

Command Line: git4idea.http.GitAskPassApp Username for 'https://github.com': 

Host: Intel(R) Core(TM) i7-9700 CPU @ 3.00GHz, 8 cores, 63G,  Windows 10 , 64 bit Build 19041 (10.0.19041.3155)
Time: Sun Jul 23 22:50:36 2023 GMT Summer Time elapsed time: 0.007617 seconds (0d 0h 0m 0s)

---------------  T H R E A D  ---------------

Current thread (0x0000026435500030):  JavaThread "Unknown thread" [_thread_in_vm, id=7404, stack(0x0000007246200000,0x0000007246300000)]

Stack: [0x0000007246200000,0x0000007246300000]
Native frames: (J=compiled Java code, j=interpreted, Vv=VM code, C=native code)
V  [jvm.dll+0x683cca]
V  [jvm.dll+0x8424b4]
V  [jvm.dll+0x843cae]
V  [jvm.dll+0x844313]
V  [jvm.dll+0x24ad2f]
V  [jvm.dll+0x680b99]
V  [jvm.dll+0x67526a]
V  [jvm.dll+0x30b3cb]
V  [jvm.dll+0x312876]
V  [jvm.dll+0x36221e]
V  [jvm.dll+0x36244f]
V  [jvm.dll+0x2e14a8]
V  [jvm.dll+0x2e2414]
V  [jvm.dll+0x814441]
V  [jvm.dll+0x36ffe1]
V  [jvm.dll+0x7f3a1c]
V  [jvm.dll+0x3f305f]
V  [jvm.dll+0x3f4b91]
C  [jli.dll+0x528f]
C  [ucrtbase.dll+0x21bb2]
C  [KERNEL32.DLL+0x17614]
C  [ntdll.dll+0x526b1]


---------------  P R O C E S S  ---------------

Threads class SMR info:
_java_thread_list=0x00007ff95364b098, length=0, elements={
}

Java Threads: ( => current thread )

Other Threads:
  0x000002646df70820 GCTaskThread "GC Thread#0" [stack: 0x0000007246300000,0x0000007246400000] [id=10396]
  0x00000264355c4ff0 ConcurrentGCThread "G1 Main Marker" [stack: 0x0000007246400000,0x0000007246500000] [id=19616]
  0x00000264355c60b0 ConcurrentGCThread "G1 Conc#0" [stack: 0x0000007246500000,0x0000007246600000] [id=14804]

[error occurred during error reporting (printing all threads), id 0xc0000005, EXCEPTION_ACCESS_VIOLATION (0xc0000005) at pc=0x00007ff952e02087]

VM state: not at safepoint (not fully initialized)

VM Mutex/Monitor currently owned by a thread:  ([mutex/lock_event])
[0x00000264354fa8d0] Heap_lock - owner thread: 0x0000026435500030

Heap address: 0x0000000401000000, size: 16368 MB, Compressed Oops mode: Zero based, Oop shift amount: 3

CDS archive(s) mapped at: [0x0000000000000000-0x0000000000000000-0x0000000000000000), size 0, SharedBaseAddress: 0x0000000800000000, ArchiveRelocationMode: 0.
Narrow klass base: 0x0000000000000000, Narrow klass shift: 0, Narrow klass range: 0x0

GC Precious Log:
<Empty>

Heap:
 garbage-first heap   total 0K, used 0K [0x0000000401000000, 0x0000000800000000)
  region size 8192K, 0 young (0K), 0 survivors (0K)

[error occurred during error reporting (printing heap information), id 0xc0000005, EXCEPTION_ACCESS_VIOLATION (0xc0000005) at pc=0x00007ff9531edf59]

GC Heap History (0 events):
No events

Dll operation events (1 events):
Event: 0.004 Loaded shared library C:\Program Files\JetBrains\PyCharm 2022.1\jbr\bin\java.dll

Deoptimization events (0 events):
No events

Classes unloaded (0 events):
No events

Classes redefined (0 events):
No events

Internal exceptions (0 events):
No events

VM Operations (0 events):
No events

Events (0 events):
No events


Dynamic libraries:
0x00007ff7b9a10000 - 0x00007ff7b9a1a000 	C:\Program Files\JetBrains\PyCharm 2022.1\jbr\bin\java.exe
0x00007ff9e9bf0000 - 0x00007ff9e9de8000 	C:\WINDOWS\SYSTEM32\ntdll.dll
0x00007ff9e7f90000 - 0x00007ff9e804f000 	C:\WINDOWS\System32\KERNEL32.DLL
0x00007ff9e72d0000 - 0x00007ff9e75c6000 	C:\WINDOWS\System32\KERNELBASE.dll
0x00007ff9e75d0000 - 0x00007ff9e76d0000 	C:\WINDOWS\System32\ucrtbase.dll
0x00007ff9d8be0000 - 0x00007ff9d8bf7000 	C:\Program Files\JetBrains\PyCharm 2022.1\jbr\bin\jli.dll
0x00007ff9e9150000 - 0x00007ff9e92ed000 	C:\WINDOWS\System32\USER32.dll
0x00007ff9e77f0000 - 0x00007ff9e7812000 	C:\WINDOWS\System32\win32u.dll
0x00007ff9d7450000 - 0x00007ff9d76ea000 	C:\WINDOWS\WinSxS\amd64_microsoft.windows.common-controls_6595b64144ccf1df_6.0.19041.1110_none_60b5254171f9507e\COMCTL32.dll
0x00007ff9e8ab0000 - 0x00007ff9e8adc000 	C:\WINDOWS\System32\GDI32.dll
0x00007ff9e8050000 - 0x00007ff9e80ee000 	C:\WINDOWS\System32\msvcrt.dll
0x00007ff9e76d0000 - 0x00007ff9e77e5000 	C:\WINDOWS\System32\gdi32full.dll
0x00007ff9c8920000 - 0x00007ff9c893b000 	C:\Program Files\JetBrains\PyCharm 2022.1\jbr\bin\VCRUNTIME140.dll
0x00007ff9e7820000 - 0x00007ff9e78bd000 	C:\WINDOWS\System32\msvcp_win.dll
0x00007ff9e8ae0000 - 0x00007ff9e8b10000 	C:\WINDOWS\System32\IMM32.DLL
0x00007ff9d8e90000 - 0x00007ff9d8e9c000 	C:\Program Files\JetBrains\PyCharm 2022.1\jbr\bin\vcruntime140_1.dll
0x00007ff9aa620000 - 0x00007ff9aa6ad000 	C:\Program Files\JetBrains\PyCharm 2022.1\jbr\bin\msvcp140.dll
0x00007ff952b10000 - 0x00007ff95377e000 	C:\Program Files\JetBrains\PyCharm 2022.1\jbr\bin\server\jvm.dll
0x00007ff9e93b0000 - 0x00007ff9e945f000 	C:\WINDOWS\System32\ADVAPI32.dll
0x00007ff9e90b0000 - 0x00007ff9e914c000 	C:\WINDOWS\System32\sechost.dll
0x00007ff9e7d90000 - 0x00007ff9e7eb6000 	C:\WINDOWS\System32\RPCRT4.dll
0x00007ff9dada0000 - 0x00007ff9dada9000 	C:\WINDOWS\SYSTEM32\WSOCK32.dll
0x00007ff9e0d90000 - 0x00007ff9e0d9a000 	C:\WINDOWS\SYSTEM32\VERSION.dll
0x00007ff9dc870000 - 0x00007ff9dc897000 	C:\WINDOWS\SYSTEM32\WINMM.dll
0x00007ff9e7ec0000 - 0x00007ff9e7f2b000 	C:\WINDOWS\System32\WS2_32.dll
0x00007ff9e5b30000 - 0x00007ff9e5b42000 	C:\WINDOWS\SYSTEM32\kernel.appcore.dll
0x00007ff9e09b0000 - 0x00007ff9e09ba000 	C:\Program Files\JetBrains\PyCharm 2022.1\jbr\bin\jimage.dll
0x00007ff9dfed0000 - 0x00007ff9e00b4000 	C:\WINDOWS\SYSTEM32\DBGHELP.DLL
0x00007ff9dfad0000 - 0x00007ff9dfb04000 	C:\WINDOWS\SYSTEM32\dbgcore.DLL
0x00007ff9e7b10000 - 0x00007ff9e7b92000 	C:\WINDOWS\System32\bcryptPrimitives.dll
0x00007ff9da8a0000 - 0x00007ff9da8c5000 	C:\Program Files\JetBrains\PyCharm 2022.1\jbr\bin\java.dll

dbghelp: loaded successfully - version: 4.0.5 - missing functions: none
symbol engine: initialized successfully - sym options: 0x614 - pdb path: .;C:\Program Files\JetBrains\PyCharm 2022.1\jbr\bin;C:\WINDOWS\SYSTEM32;C:\WINDOWS\WinSxS\amd64_microsoft.windows.common-controls_6595b64144ccf1df_6.0.19041.1110_none_60b5254171f9507e;C:\Program Files\JetBrains\PyCharm 2022.1\jbr\bin\server

VM Arguments:
java_command: git4idea.http.GitAskPassApp Username for 'https://github.com': 
java_class_path (initial): C:/Program Files/JetBrains/PyCharm 2022.1/plugins/vcs-git/lib/git4idea-rt.jar;C:/Program Files/JetBrains/PyCharm 2022.1/lib/externalProcess-rt.jar
Launcher Type: SUN_STANDARD

[Global flags]
     intx CICompilerCount                          = 4                                         {product} {ergonomic}
     uint ConcGCThreads                            = 2                                         {product} {ergonomic}
     uint G1ConcRefinementThreads                  = 8                                         {product} {ergonomic}
   size_t G1HeapRegionSize                         = 8388608                                   {product} {ergonomic}
    uintx GCDrainStackTargetSize                   = 64                                        {product} {ergonomic}
   size_t InitialHeapSize                          = 1073741824                                {product} {ergonomic}
   size_t MarkStackSize                            = 4194304                                   {product} {ergonomic}
   size_t MaxHeapSize                              = 17163091968                               {product} {ergonomic}
   size_t MinHeapDeltaBytes                        = 8388608                                   {product} {ergonomic}
   size_t MinHeapSize                              = 8388608                                   {product} {ergonomic}
    uintx NonNMethodCodeHeapSize                   = 5839372                                {pd product} {ergonomic}
    uintx NonProfiledCodeHeapSize                  = 122909434                              {pd product} {ergonomic}
    uintx ProfiledCodeHeapSize                     = 122909434                              {pd product} {ergonomic}
    uintx ReservedCodeCacheSize                    = 251658240                              {pd product} {ergonomic}
     bool SegmentedCodeCache                       = true                                      {product} {ergonomic}
   size_t SoftMaxHeapSize                          = 17163091968                            {manageable} {ergonomic}
     bool UseCompressedClassPointers               = true                           {product lp64_product} {ergonomic}
     bool UseCompressedOops                        = true                           {product lp64_product} {ergonomic}
     bool UseG1GC                                  = true                                      {product} {ergonomic}
     bool UseLargePagesIndividualAllocation        = false                                  {pd product} {ergonomic}

Logging:
Log output configuration:
 #0: stdout all=warning uptime,level,tags
 #1: stderr all=off uptime,level,tags

Environment Variables:
PATH=C:/Program Files/Git/mingw64/libexec/git-core;C:/Program Files/Git/mingw64/libexec/git-core;C:\Program Files\Git\mingw64\bin;C:\Program Files\Git\usr\bin;C:\Users\carla\bin;C:\Users\carla\Anaconda3\envs\mixedeffectmodelsbehavioural2;C:\Users\carla\Anaconda3\envs\mixedeffectmodelsbehavioural2\Library\mingw-w64\bin;C:\Users\carla\Anaconda3\envs\mixedeffectmodelsbehavioural2\Library\usr\bin;C:\Users\carla\Anaconda3\envs\mixedeffectmodelsbehavioural2\Library\bin;C:\Users\carla\Anaconda3\envs\mixedeffectmodelsbehavioural2\Scripts;C:\Users\carla\Anaconda3\envs\mixedeffectmodelsbehavioural2\bin;C:\Users\carla\Anaconda3\condabin;C:\Python310\Scripts;C:\Python310;C:\Program Files\NVIDIA GPU Computing Toolkit\CUDA\v11.6\bin;C:\Program Files\NVIDIA GPU Computing Toolkit\CUDA\v11.6\libnvvp;C:\Program Files\NVIDIA GPU Computing Toolkit\CUDA\v11.3\bin;C:\Program Files\NVIDIA GPU Computing Toolkit\CUDA\v11.3\libnvvp;C:\Program Files\NVIDIA GPU Computing Toolkit\CUDA\v7.5\bin;C:\Program Files\NVIDIA GPU Computing Toolkit\CUDA\v7.5\libnvvp;C:\Program Files\NVIDIA GPU Computing Toolkit\CUDA\v10.1\bin;C:\Program Files\NVIDIA GPU Computing Toolkit\CUDA\v10.1\libnvvp;C:\windows\system32;C:\windows;C:\windows\System32\Wbem;C:\windows\System32\WindowsPowerShell\v1.0;C:\windows\System32\OpenSSH;C:\Program Files (x86)\NVIDIA Corporation\PhysX\Common;C:\Program Files\NVIDIA Corporation\NVIDIA NvDLISR;C:\Program Files\Microsoft SQL Server\110\Tools\Binn;C:\Program Files\Microsoft SQL Server\120\Tools\Binn;C:\Users\carla\.dnx\bin;C:\Program Files\Microsoft DNX\Dnvm;C:\Program Files\Microsoft SQL Server\130\Tools\Binn;C:\Program Files\dotnet;C:\Program Files\Microsoft SQL Server\Client SDK\ODBC\170\Tools\Binn;C:\PROGRA~1\MATLAB\R2020b\bin;C:\Program Files\MATLAB\R2020b\bin;C:\Program Files (x86)\Microsoft SDKs\TypeScript\1.0;C:\WINDOWS\system32;C:\WINDOWS;C:\WINDOWS\System32\Wbem;C:\WINDOWS\System32\WindowsPowerShell\v1.0;C:\WINDOWS\System32\OpenSSH;C:\Program Files\GitHub CLI;C:\Program File
USERNAME=carla
DISPLAY=:0.0
LC_ALL=en_US.UTF-8
TERM=xterm-256color
TMPDIR=C:\Users\carla\AppData\Local\Temp
OS=Windows_NT
PROCESSOR_IDENTIFIER=Intel64 Family 6 Model 158 Stepping 13, GenuineIntel
TMP=C:\Users\carla\AppData\Local\Temp
TEMP=C:\Users\carla\AppData\Local\Temp


JNI global refs:

[error occurred during error reporting (JNI global references), id 0xc0000005, EXCEPTION_ACCESS_VIOLATION (0xc0000005) at pc=0x00007ff952bc7fc0]


---------------  S Y S T E M  ---------------

OS:
 Windows 10 , 64 bit Build 19041 (10.0.19041.3155)
OS uptime: 11 days 8:35 hours

CPU: total 8 (initial active 8) (8 cores per cpu, 1 threads per core) family 6 model 158 stepping 13 microcode 0xb8, cx8, cmov, fxsr, mmx, 3dnowpref, sse, sse2, sse3, ssse3, sse4.1, sse4.2, popcnt, lzcnt, tsc, tscinvbit, avx, avx2, aes, erms, clmul, bmi1, bmi2, rtm, adx, fma, vzeroupper, clflush, clflushopt

Memory: 4k page, system-wide physical 65455M (2501M free)
TotalPageFile size 87919M (AvailPageFile size 115M)
current process WorkingSet (physical memory assigned to process): 10M, peak: 10M
current process commit charge ("private bytes"): 60M, peak: 1084M

vm_info: OpenJDK 64-Bit Server VM (17.0.7+10-b829.16) for windows-amd64 JRE (17.0.7+10-b829.16), built on 2023-06-02 by "builduser" with MS VC++ 16.10 / 16.11 (VS2019)

END.
